2025-08-01 22:54:21 - Error [8192]: number_format(): Passing null to parameter #1 ($num) of type float is deprecated in D:\Hocweb\laragon\www\tktshop\admin\reviews\index.php on line 153
2025-08-01 22:55:59 - Error [2]: preg_replace(): Compilation failed: invalid range in character class at offset 10 in D:\Hocweb\laragon\www\tktshop\config\config.php on line 192
2025-08-01 22:55:59 - Error [8192]: preg_replace(): Passing null to parameter #3 ($subject) of type array|string is deprecated in D:\Hocweb\laragon\www\tktshop\config\config.php on line 193
2025-08-01 23:07:14 - Error [2]: preg_replace(): Compilation failed: invalid range in character class at offset 10 in D:\Hocweb\laragon\www\tktshop\config\config.php on line 192
2025-08-01 23:07:14 - Error [8192]: preg_replace(): Passing null to parameter #3 ($subject) of type array|string is deprecated in D:\Hocweb\laragon\www\tktshop\config\config.php on line 193
2025-08-01 23:32:21 - Error [8192]: number_format(): Passing null to parameter #1 ($num) of type float is deprecated in D:\Hocweb\laragon\www\tktshop\admin\reviews\index.php on line 153
2025-08-02 12:39:15 - Error [8192]: number_format(): Passing null to parameter #1 ($num) of type float is deprecated in D:\Hocweb\laragon\www\tktshop\admin\reviews\index.php on line 153
2025-08-02 12:41:16 - Error [8192]: number_format(): Passing null to parameter #1 ($num) of type float is deprecated in D:\Hocweb\laragon\www\tktshop\admin\reviews\index.php on line 153
2025-08-02 13:11:38 - Error [8192]: number_format(): Passing null to parameter #1 ($num) of type float is deprecated in D:\Hocweb\laragon\www\tktshop\admin\reviews\index.php on line 153
2025-08-02 13:11:39 - Error [8192]: number_format(): Passing null to parameter #1 ($num) of type float is deprecated in D:\Hocweb\laragon\www\tktshop\admin\reviews\index.php on line 153
2025-08-02 13:11:40 - Error [8192]: number_format(): Passing null to parameter #1 ($num) of type float is deprecated in D:\Hocweb\laragon\www\tktshop\admin\reviews\index.php on line 153
2025-08-02 13:11:43 - Error [8192]: number_format(): Passing null to parameter #1 ($num) of type float is deprecated in D:\Hocweb\laragon\www\tktshop\admin\reviews\index.php on line 153
2025-08-03 18:18:22 - Error [8192]: number_format(): Passing null to parameter #1 ($num) of type float is deprecated in D:\Hocweb\laragon\www\tktshop\admin\reviews\index.php on line 153
2025-08-03 18:18:38 - Error [8192]: number_format(): Passing null to parameter #1 ($num) of type float is deprecated in D:\Hocweb\laragon\www\tktshop\admin\reviews\index.php on line 153
2025-08-03 22:14:44 - Error [8192]: floor(): Passing null to parameter #1 ($num) of type int|float is deprecated in D:\Hocweb\laragon\www\tktshop\customer\index.php on line 310
2025-08-03 22:14:44 - Error [8192]: floor(): Passing null to parameter #1 ($num) of type int|float is deprecated in D:\Hocweb\laragon\www\tktshop\customer\index.php on line 310
2025-08-03 22:14:44 - Error [8192]: floor(): Passing null to parameter #1 ($num) of type int|float is deprecated in D:\Hocweb\laragon\www\tktshop\customer\index.php on line 310
2025-08-03 22:14:44 - Error [8192]: floor(): Passing null to parameter #1 ($num) of type int|float is deprecated in D:\Hocweb\laragon\www\tktshop\customer\index.php on line 310
2025-08-03 22:14:44 - Error [8192]: floor(): Passing null to parameter #1 ($num) of type int|float is deprecated in D:\Hocweb\laragon\www\tktshop\customer\index.php on line 310
2025-08-04 11:29:26 - Error [8192]: floor(): Passing null to parameter #1 ($num) of type int|float is deprecated in D:\Hocweb\laragon\www\tktshop\customer\index.php on line 310
2025-08-04 11:29:26 - Error [8192]: floor(): Passing null to parameter #1 ($num) of type int|float is deprecated in D:\Hocweb\laragon\www\tktshop\customer\index.php on line 310
2025-08-04 11:29:26 - Error [8192]: floor(): Passing null to parameter #1 ($num) of type int|float is deprecated in D:\Hocweb\laragon\www\tktshop\customer\index.php on line 310
2025-08-04 11:29:26 - Error [8192]: floor(): Passing null to parameter #1 ($num) of type int|float is deprecated in D:\Hocweb\laragon\www\tktshop\customer\index.php on line 310
2025-08-04 11:29:26 - Error [8192]: floor(): Passing null to parameter #1 ($num) of type int|float is deprecated in D:\Hocweb\laragon\www\tktshop\customer\index.php on line 310
2025-08-04 17:52:51 - Error [8192]: floor(): Passing null to parameter #1 ($num) of type int|float is deprecated in D:\Hocweb\laragon\www\tktshop\customer\index.php on line 310
2025-08-04 17:52:51 - Error [8192]: floor(): Passing null to parameter #1 ($num) of type int|float is deprecated in D:\Hocweb\laragon\www\tktshop\customer\index.php on line 310
2025-08-04 17:52:51 - Error [8192]: floor(): Passing null to parameter #1 ($num) of type int|float is deprecated in D:\Hocweb\laragon\www\tktshop\customer\index.php on line 310
2025-08-04 17:52:51 - Error [8192]: floor(): Passing null to parameter #1 ($num) of type int|float is deprecated in D:\Hocweb\laragon\www\tktshop\customer\index.php on line 310
2025-08-04 17:52:51 - Error [8192]: floor(): Passing null to parameter #1 ($num) of type int|float is deprecated in D:\Hocweb\laragon\www\tktshop\customer\index.php on line 310
2025-08-04 17:53:34 - Error [8192]: floor(): Passing null to parameter #1 ($num) of type int|float is deprecated in D:\Hocweb\laragon\www\tktshop\customer\index.php on line 310
2025-08-04 17:53:34 - Error [8192]: floor(): Passing null to parameter #1 ($num) of type int|float is deprecated in D:\Hocweb\laragon\www\tktshop\customer\index.php on line 310
2025-08-04 17:53:34 - Error [8192]: floor(): Passing null to parameter #1 ($num) of type int|float is deprecated in D:\Hocweb\laragon\www\tktshop\customer\index.php on line 310
2025-08-04 17:53:34 - Error [8192]: floor(): Passing null to parameter #1 ($num) of type int|float is deprecated in D:\Hocweb\laragon\www\tktshop\customer\index.php on line 310
2025-08-04 17:53:34 - Error [8192]: floor(): Passing null to parameter #1 ($num) of type int|float is deprecated in D:\Hocweb\laragon\www\tktshop\customer\index.php on line 310
2025-08-04 17:53:41 - Error [8192]: floor(): Passing null to parameter #1 ($num) of type int|float is deprecated in D:\Hocweb\laragon\www\tktshop\customer\cart.php on line 639
2025-08-04 17:53:41 - Error [8192]: floor(): Passing null to parameter #1 ($num) of type int|float is deprecated in D:\Hocweb\laragon\www\tktshop\customer\cart.php on line 639
2025-08-04 17:53:41 - Error [8192]: floor(): Passing null to parameter #1 ($num) of type int|float is deprecated in D:\Hocweb\laragon\www\tktshop\customer\cart.php on line 639
2025-08-04 17:53:41 - Error [8192]: floor(): Passing null to parameter #1 ($num) of type int|float is deprecated in D:\Hocweb\laragon\www\tktshop\customer\cart.php on line 639
2025-08-04 17:53:41 - Error [8192]: floor(): Passing null to parameter #1 ($num) of type int|float is deprecated in D:\Hocweb\laragon\www\tktshop\customer\cart.php on line 639
2025-08-04 17:53:49 - Error [8192]: floor(): Passing null to parameter #1 ($num) of type int|float is deprecated in D:\Hocweb\laragon\www\tktshop\customer\index.php on line 310
2025-08-04 17:53:49 - Error [8192]: floor(): Passing null to parameter #1 ($num) of type int|float is deprecated in D:\Hocweb\laragon\www\tktshop\customer\index.php on line 310
2025-08-04 17:53:49 - Error [8192]: floor(): Passing null to parameter #1 ($num) of type int|float is deprecated in D:\Hocweb\laragon\www\tktshop\customer\index.php on line 310
2025-08-04 17:53:49 - Error [8192]: floor(): Passing null to parameter #1 ($num) of type int|float is deprecated in D:\Hocweb\laragon\www\tktshop\customer\index.php on line 310
2025-08-04 17:53:49 - Error [8192]: floor(): Passing null to parameter #1 ($num) of type int|float is deprecated in D:\Hocweb\laragon\www\tktshop\customer\index.php on line 310
2025-08-04 17:53:54 - Error [8192]: floor(): Passing null to parameter #1 ($num) of type int|float is deprecated in D:\Hocweb\laragon\www\tktshop\customer\product_detail.php on line 580
2025-08-04 17:53:54 - Error [8192]: floor(): Passing null to parameter #1 ($num) of type int|float is deprecated in D:\Hocweb\laragon\www\tktshop\customer\product_detail.php on line 580
2025-08-04 17:53:54 - Error [8192]: floor(): Passing null to parameter #1 ($num) of type int|float is deprecated in D:\Hocweb\laragon\www\tktshop\customer\product_detail.php on line 580
2025-08-04 17:53:54 - Error [8192]: floor(): Passing null to parameter #1 ($num) of type int|float is deprecated in D:\Hocweb\laragon\www\tktshop\customer\product_detail.php on line 580
2025-08-04 17:53:54 - Error [8192]: floor(): Passing null to parameter #1 ($num) of type int|float is deprecated in D:\Hocweb\laragon\www\tktshop\customer\product_detail.php on line 580
2025-08-04 17:53:54 - Error [8192]: number_format(): Passing null to parameter #1 ($num) of type float is deprecated in D:\Hocweb\laragon\www\tktshop\customer\product_detail.php on line 583
2025-08-04 17:54:13 - Error [8192]: floor(): Passing null to parameter #1 ($num) of type int|float is deprecated in D:\Hocweb\laragon\www\tktshop\customer\cart.php on line 639
2025-08-04 17:54:13 - Error [8192]: floor(): Passing null to parameter #1 ($num) of type int|float is deprecated in D:\Hocweb\laragon\www\tktshop\customer\cart.php on line 639
2025-08-04 17:54:13 - Error [8192]: floor(): Passing null to parameter #1 ($num) of type int|float is deprecated in D:\Hocweb\laragon\www\tktshop\customer\cart.php on line 639
2025-08-04 17:54:13 - Error [8192]: floor(): Passing null to parameter #1 ($num) of type int|float is deprecated in D:\Hocweb\laragon\www\tktshop\customer\cart.php on line 639
2025-08-04 17:54:13 - Error [8192]: floor(): Passing null to parameter #1 ($num) of type int|float is deprecated in D:\Hocweb\laragon\www\tktshop\customer\cart.php on line 639
2025-08-04 17:54:16 - Error [8192]: floor(): Passing null to parameter #1 ($num) of type int|float is deprecated in D:\Hocweb\laragon\www\tktshop\customer\index.php on line 310
2025-08-04 17:54:16 - Error [8192]: floor(): Passing null to parameter #1 ($num) of type int|float is deprecated in D:\Hocweb\laragon\www\tktshop\customer\index.php on line 310
2025-08-04 17:54:16 - Error [8192]: floor(): Passing null to parameter #1 ($num) of type int|float is deprecated in D:\Hocweb\laragon\www\tktshop\customer\index.php on line 310
2025-08-04 17:54:16 - Error [8192]: floor(): Passing null to parameter #1 ($num) of type int|float is deprecated in D:\Hocweb\laragon\www\tktshop\customer\index.php on line 310
2025-08-04 17:54:16 - Error [8192]: floor(): Passing null to parameter #1 ($num) of type int|float is deprecated in D:\Hocweb\laragon\www\tktshop\customer\index.php on line 310
2025-08-04 17:54:18 - Error [8192]: floor(): Passing null to parameter #1 ($num) of type int|float is deprecated in D:\Hocweb\laragon\www\tktshop\customer\cart.php on line 639
2025-08-04 17:54:18 - Error [8192]: floor(): Passing null to parameter #1 ($num) of type int|float is deprecated in D:\Hocweb\laragon\www\tktshop\customer\cart.php on line 639
2025-08-04 17:54:18 - Error [8192]: floor(): Passing null to parameter #1 ($num) of type int|float is deprecated in D:\Hocweb\laragon\www\tktshop\customer\cart.php on line 639
2025-08-04 17:54:18 - Error [8192]: floor(): Passing null to parameter #1 ($num) of type int|float is deprecated in D:\Hocweb\laragon\www\tktshop\customer\cart.php on line 639
2025-08-04 17:54:18 - Error [8192]: floor(): Passing null to parameter #1 ($num) of type int|float is deprecated in D:\Hocweb\laragon\www\tktshop\customer\cart.php on line 639
2025-08-04 17:54:23 - Error [8192]: floor(): Passing null to parameter #1 ($num) of type int|float is deprecated in D:\Hocweb\laragon\www\tktshop\customer\index.php on line 310
2025-08-04 17:54:23 - Error [8192]: floor(): Passing null to parameter #1 ($num) of type int|float is deprecated in D:\Hocweb\laragon\www\tktshop\customer\index.php on line 310
2025-08-04 17:54:23 - Error [8192]: floor(): Passing null to parameter #1 ($num) of type int|float is deprecated in D:\Hocweb\laragon\www\tktshop\customer\index.php on line 310
2025-08-04 17:54:23 - Error [8192]: floor(): Passing null to parameter #1 ($num) of type int|float is deprecated in D:\Hocweb\laragon\www\tktshop\customer\index.php on line 310
2025-08-04 17:54:23 - Error [8192]: floor(): Passing null to parameter #1 ($num) of type int|float is deprecated in D:\Hocweb\laragon\www\tktshop\customer\index.php on line 310
2025-08-04 17:54:26 - Error [8192]: floor(): Passing null to parameter #1 ($num) of type int|float is deprecated in D:\Hocweb\laragon\www\tktshop\customer\product_detail.php on line 580
2025-08-04 17:54:26 - Error [8192]: floor(): Passing null to parameter #1 ($num) of type int|float is deprecated in D:\Hocweb\laragon\www\tktshop\customer\product_detail.php on line 580
2025-08-04 17:54:26 - Error [8192]: floor(): Passing null to parameter #1 ($num) of type int|float is deprecated in D:\Hocweb\laragon\www\tktshop\customer\product_detail.php on line 580
2025-08-04 17:54:26 - Error [8192]: floor(): Passing null to parameter #1 ($num) of type int|float is deprecated in D:\Hocweb\laragon\www\tktshop\customer\product_detail.php on line 580
2025-08-04 17:54:26 - Error [8192]: floor(): Passing null to parameter #1 ($num) of type int|float is deprecated in D:\Hocweb\laragon\www\tktshop\customer\product_detail.php on line 580
2025-08-04 17:54:26 - Error [8192]: number_format(): Passing null to parameter #1 ($num) of type float is deprecated in D:\Hocweb\laragon\www\tktshop\customer\product_detail.php on line 583
2025-08-04 17:54:52 - Error [8192]: floor(): Passing null to parameter #1 ($num) of type int|float is deprecated in D:\Hocweb\laragon\www\tktshop\customer\cart.php on line 639
2025-08-04 17:54:52 - Error [8192]: floor(): Passing null to parameter #1 ($num) of type int|float is deprecated in D:\Hocweb\laragon\www\tktshop\customer\cart.php on line 639
2025-08-04 17:54:52 - Error [8192]: floor(): Passing null to parameter #1 ($num) of type int|float is deprecated in D:\Hocweb\laragon\www\tktshop\customer\cart.php on line 639
2025-08-04 17:54:52 - Error [8192]: floor(): Passing null to parameter #1 ($num) of type int|float is deprecated in D:\Hocweb\laragon\www\tktshop\customer\cart.php on line 639
2025-08-04 17:54:52 - Error [8192]: floor(): Passing null to parameter #1 ($num) of type int|float is deprecated in D:\Hocweb\laragon\www\tktshop\customer\cart.php on line 639
2025-08-04 17:54:55 - Error [8192]: floor(): Passing null to parameter #1 ($num) of type int|float is deprecated in D:\Hocweb\laragon\www\tktshop\customer\index.php on line 310
2025-08-04 17:54:55 - Error [8192]: floor(): Passing null to parameter #1 ($num) of type int|float is deprecated in D:\Hocweb\laragon\www\tktshop\customer\index.php on line 310
2025-08-04 17:54:55 - Error [8192]: floor(): Passing null to parameter #1 ($num) of type int|float is deprecated in D:\Hocweb\laragon\www\tktshop\customer\index.php on line 310
2025-08-04 17:54:55 - Error [8192]: floor(): Passing null to parameter #1 ($num) of type int|float is deprecated in D:\Hocweb\laragon\www\tktshop\customer\index.php on line 310
2025-08-04 17:54:55 - Error [8192]: floor(): Passing null to parameter #1 ($num) of type int|float is deprecated in D:\Hocweb\laragon\www\tktshop\customer\index.php on line 310
2025-08-04 17:56:27 - Error [8192]: floor(): Passing null to parameter #1 ($num) of type int|float is deprecated in D:\Hocweb\laragon\www\tktshop\customer\product_detail.php on line 580
2025-08-04 17:56:27 - Error [8192]: floor(): Passing null to parameter #1 ($num) of type int|float is deprecated in D:\Hocweb\laragon\www\tktshop\customer\product_detail.php on line 580
2025-08-04 17:56:27 - Error [8192]: floor(): Passing null to parameter #1 ($num) of type int|float is deprecated in D:\Hocweb\laragon\www\tktshop\customer\product_detail.php on line 580
2025-08-04 17:56:27 - Error [8192]: floor(): Passing null to parameter #1 ($num) of type int|float is deprecated in D:\Hocweb\laragon\www\tktshop\customer\product_detail.php on line 580
2025-08-04 17:56:27 - Error [8192]: floor(): Passing null to parameter #1 ($num) of type int|float is deprecated in D:\Hocweb\laragon\www\tktshop\customer\product_detail.php on line 580
2025-08-04 17:56:27 - Error [8192]: number_format(): Passing null to parameter #1 ($num) of type float is deprecated in D:\Hocweb\laragon\www\tktshop\customer\product_detail.php on line 583
2025-08-04 17:56:42 - Error [8192]: floor(): Passing null to parameter #1 ($num) of type int|float is deprecated in D:\Hocweb\laragon\www\tktshop\customer\product_detail.php on line 580
2025-08-04 17:56:42 - Error [8192]: floor(): Passing null to parameter #1 ($num) of type int|float is deprecated in D:\Hocweb\laragon\www\tktshop\customer\product_detail.php on line 580
2025-08-04 17:56:42 - Error [8192]: floor(): Passing null to parameter #1 ($num) of type int|float is deprecated in D:\Hocweb\laragon\www\tktshop\customer\product_detail.php on line 580
2025-08-04 17:56:42 - Error [8192]: floor(): Passing null to parameter #1 ($num) of type int|float is deprecated in D:\Hocweb\laragon\www\tktshop\customer\product_detail.php on line 580
2025-08-04 17:56:42 - Error [8192]: floor(): Passing null to parameter #1 ($num) of type int|float is deprecated in D:\Hocweb\laragon\www\tktshop\customer\product_detail.php on line 580
2025-08-04 17:56:42 - Error [8192]: number_format(): Passing null to parameter #1 ($num) of type float is deprecated in D:\Hocweb\laragon\www\tktshop\customer\product_detail.php on line 583
2025-08-05 13:07:41 - Error [2]: preg_replace(): Compilation failed: invalid range in character class at offset 10 in D:\Hocweb\laragon\www\tktshop\config\config.php on line 209
2025-08-05 13:07:41 - Error [8192]: preg_replace(): Passing null to parameter #3 ($subject) of type array|string is deprecated in D:\Hocweb\laragon\www\tktshop\config\config.php on line 210
2025-08-06 19:04:15 - Error [8192]: floor(): Passing null to parameter #1 ($num) of type int|float is deprecated in D:\Hocweb\laragon\www\tktshop\customer\index.php on line 310
2025-08-06 19:04:15 - Error [8192]: floor(): Passing null to parameter #1 ($num) of type int|float is deprecated in D:\Hocweb\laragon\www\tktshop\customer\index.php on line 310
2025-08-06 19:04:15 - Error [8192]: floor(): Passing null to parameter #1 ($num) of type int|float is deprecated in D:\Hocweb\laragon\www\tktshop\customer\index.php on line 310
2025-08-06 19:04:15 - Error [8192]: floor(): Passing null to parameter #1 ($num) of type int|float is deprecated in D:\Hocweb\laragon\www\tktshop\customer\index.php on line 310
2025-08-06 19:04:15 - Error [8192]: floor(): Passing null to parameter #1 ($num) of type int|float is deprecated in D:\Hocweb\laragon\www\tktshop\customer\index.php on line 310
2025-08-06 19:05:41 - Error [8192]: floor(): Passing null to parameter #1 ($num) of type int|float is deprecated in D:\Hocweb\laragon\www\tktshop\customer\index.php on line 310
2025-08-06 19:05:41 - Error [8192]: floor(): Passing null to parameter #1 ($num) of type int|float is deprecated in D:\Hocweb\laragon\www\tktshop\customer\index.php on line 310
2025-08-06 19:05:41 - Error [8192]: floor(): Passing null to parameter #1 ($num) of type int|float is deprecated in D:\Hocweb\laragon\www\tktshop\customer\index.php on line 310
2025-08-06 19:05:41 - Error [8192]: floor(): Passing null to parameter #1 ($num) of type int|float is deprecated in D:\Hocweb\laragon\www\tktshop\customer\index.php on line 310
2025-08-06 19:05:41 - Error [8192]: floor(): Passing null to parameter #1 ($num) of type int|float is deprecated in D:\Hocweb\laragon\www\tktshop\customer\index.php on line 310
2025-08-06 19:45:30 - Error [8192]: floor(): Passing null to parameter #1 ($num) of type int|float is deprecated in D:\Hocweb\laragon\www\tktshop\customer\index.php on line 310
2025-08-06 19:45:30 - Error [8192]: floor(): Passing null to parameter #1 ($num) of type int|float is deprecated in D:\Hocweb\laragon\www\tktshop\customer\index.php on line 310
2025-08-06 19:45:30 - Error [8192]: floor(): Passing null to parameter #1 ($num) of type int|float is deprecated in D:\Hocweb\laragon\www\tktshop\customer\index.php on line 310
2025-08-06 19:45:30 - Error [8192]: floor(): Passing null to parameter #1 ($num) of type int|float is deprecated in D:\Hocweb\laragon\www\tktshop\customer\index.php on line 310
2025-08-06 19:45:30 - Error [8192]: floor(): Passing null to parameter #1 ($num) of type int|float is deprecated in D:\Hocweb\laragon\www\tktshop\customer\index.php on line 310
2025-08-06 20:06:26 - Error [8192]: floor(): Passing null to parameter #1 ($num) of type int|float is deprecated in D:\Hocweb\laragon\www\tktshop\customer\cart.php on line 639
2025-08-06 20:06:26 - Error [8192]: floor(): Passing null to parameter #1 ($num) of type int|float is deprecated in D:\Hocweb\laragon\www\tktshop\customer\cart.php on line 639
2025-08-06 20:06:26 - Error [8192]: floor(): Passing null to parameter #1 ($num) of type int|float is deprecated in D:\Hocweb\laragon\www\tktshop\customer\cart.php on line 639
2025-08-06 20:06:26 - Error [8192]: floor(): Passing null to parameter #1 ($num) of type int|float is deprecated in D:\Hocweb\laragon\www\tktshop\customer\cart.php on line 639
2025-08-06 20:06:26 - Error [8192]: floor(): Passing null to parameter #1 ($num) of type int|float is deprecated in D:\Hocweb\laragon\www\tktshop\customer\cart.php on line 639
2025-08-06 20:06:28 - Error [8192]: floor(): Passing null to parameter #1 ($num) of type int|float is deprecated in D:\Hocweb\laragon\www\tktshop\customer\index.php on line 310
2025-08-06 20:06:28 - Error [8192]: floor(): Passing null to parameter #1 ($num) of type int|float is deprecated in D:\Hocweb\laragon\www\tktshop\customer\index.php on line 310
2025-08-06 20:06:28 - Error [8192]: floor(): Passing null to parameter #1 ($num) of type int|float is deprecated in D:\Hocweb\laragon\www\tktshop\customer\index.php on line 310
2025-08-06 20:06:28 - Error [8192]: floor(): Passing null to parameter #1 ($num) of type int|float is deprecated in D:\Hocweb\laragon\www\tktshop\customer\index.php on line 310
2025-08-06 20:06:28 - Error [8192]: floor(): Passing null to parameter #1 ($num) of type int|float is deprecated in D:\Hocweb\laragon\www\tktshop\customer\index.php on line 310
2025-08-06 20:06:31 - Error [8192]: floor(): Passing null to parameter #1 ($num) of type int|float is deprecated in D:\Hocweb\laragon\www\tktshop\customer\product_detail.php on line 580
2025-08-06 20:06:31 - Error [8192]: floor(): Passing null to parameter #1 ($num) of type int|float is deprecated in D:\Hocweb\laragon\www\tktshop\customer\product_detail.php on line 580
2025-08-06 20:06:31 - Error [8192]: floor(): Passing null to parameter #1 ($num) of type int|float is deprecated in D:\Hocweb\laragon\www\tktshop\customer\product_detail.php on line 580
2025-08-06 20:06:31 - Error [8192]: floor(): Passing null to parameter #1 ($num) of type int|float is deprecated in D:\Hocweb\laragon\www\tktshop\customer\product_detail.php on line 580
2025-08-06 20:06:31 - Error [8192]: floor(): Passing null to parameter #1 ($num) of type int|float is deprecated in D:\Hocweb\laragon\www\tktshop\customer\product_detail.php on line 580
2025-08-06 20:06:31 - Error [8192]: number_format(): Passing null to parameter #1 ($num) of type float is deprecated in D:\Hocweb\laragon\www\tktshop\customer\product_detail.php on line 583
2025-08-07 08:30:23 - Error [2]: require_once(vnpay_helpers.php): Failed to open stream: No such file or directory in D:\Hocweb\laragon\www\tktshop\vnpay\create_payment.php on line 10
2025-08-07 08:41:20 - Error [8]: session_start(): Ignoring session_start() because a session is already active in D:\Hocweb\laragon\www\tktshop\vnpay\create_payment.php on line 13
2025-08-07 08:41:56 - Error [8]: session_start(): Ignoring session_start() because a session is already active in D:\Hocweb\laragon\www\tktshop\vnpay\return.php on line 11
2025-08-07 08:41:56 - Error [2]: Undefined array key "tong_tien" in D:\Hocweb\laragon\www\tktshop\vnpay\return.php on line 350
<<<<<<< HEAD
=======
2025-08-07 12:23:52 - Error [8]: session_start(): Ignoring session_start() because a session is already active in D:\Hocweb\laragon\www\tktshop\vnpay\create_payment.php on line 13
2025-08-07 12:24:19 - Error [8]: session_start(): Ignoring session_start() because a session is already active in D:\Hocweb\laragon\www\tktshop\vnpay\return.php on line 11
2025-08-07 12:24:19 - Error [2]: Undefined array key "tong_tien" in D:\Hocweb\laragon\www\tktshop\vnpay\return.php on line 350
2025-08-07 12:25:55 - Error [8]: session_start(): Ignoring session_start() because a session is already active in D:\Hocweb\laragon\www\tktshop\vnpay\create_payment.php on line 13
2025-08-07 12:41:05 - Error [8]: session_start(): Ignoring session_start() because a session is already active in D:\Hocweb\laragon\www\tktshop\vnpay\return.php on line 11
2025-08-07 12:41:05 - Error [2]: Undefined array key "tong_tien" in D:\Hocweb\laragon\www\tktshop\vnpay\return.php on line 350
>>>>>>> f5238b6be95728ed0ad638cad35debcf5af2c622
2025-08-09 12:23:25 - Error [8]: session_start(): Ignoring session_start() because a session is already active in D:\Hocweb\laragon\www\tktshop\vnpay\create_payment.php on line 13
